

#-------------------------------------------------------------------------------

File aborted at stage 5

#-------------------------------------------------------------------------------

Slide groundwater engine version:   9.038


STAGE NUMBER:   5

Elastic Analysis

Slide groundwater engine version:   9.038


STAGE NUMBER:   5

Elastic Analysis

Slide groundwater engine version:   9.038


STAGE NUMBER:   5

Elastic Analysis

Slide groundwater engine version:   9.038


STAGE NUMBER:   5

Elastic Analysis

Slide groundwater engine version:   9.038


STAGE NUMBER:   5

Elastic Analysis

Slide groundwater engine version:   9.038


STAGE NUMBER:   5

Elastic Analysis

Slide groundwater engine version:   9.038


STAGE NUMBER:   5

Elastic Analysis
